
/home/runner/work/exp-non-deterministic-turing-machine-iiith/exp-non-deterministic-turing-machine-iiith/experiment/simulation/js/data.js
   7:7  warning  'ndtm1' is assigned a value but never used  no-unused-vars
  94:7  warning  'ndtm2' is assigned a value but never used  no-unused-vars

/home/runner/work/exp-non-deterministic-turing-machine-iiith/exp-non-deterministic-turing-machine-iiith/experiment/simulation/js/helper.js
   7:2   warning  'elem' is not defined                      no-undef
   9:4   warning  'elem' is not defined                      no-undef
  11:9   warning  'elem' is not defined                      no-undef
  14:10  warning  'newElement' is defined but never used     no-unused-vars
  15:2   warning  'elem' is not defined                      no-undef
  17:4   warning  'elem' is not defined                      no-undef
  19:9   warning  'elem' is not defined                      no-undef
  22:10  warning  'clearElem' is defined but never used      no-unused-vars
  29:10  warning  'displayCanvas' is defined but never used  no-unused-vars
  30:3   warning  'fillColor' is not defined                 no-undef
  31:3   warning  'color' is not defined                     no-undef
  32:3   warning  'stroke_width' is not defined              no-undef
  34:3   warning  'path_setting' is not defined              no-undef
  36:5   warning  'path_setting' is not defined              no-undef
  38:3   warning  'str' is not defined                       no-undef
  38:34  warning  'path_setting' is not defined              no-undef
  39:3   warning  'start_x' is not defined                   no-undef
  40:3   warning  'start_y' is not defined                   no-undef
  41:3   warning  'cell_width' is not defined                no-undef
  42:3   warning  'cell_height' is not defined               no-undef
  44:7   warning  'cell_itr' is not defined                  no-undef
  44:18  warning  'cell_itr' is not defined                  no-undef
  44:27  warning  'str' is not defined                       no-undef
  44:40  warning  'cell_itr' is not defined                  no-undef
  45:8   warning  'cell_itr' is not defined                  no-undef
  45:45  warning  'path_setting' is not defined              no-undef
  46:7   warning  'fillColor' is not defined                 no-undef
  48:7   warning  'fillColor' is not defined                 no-undef
  50:5   warning  'cell' is not defined                      no-undef
  52:13  warning  'start_x' is not defined                   no-undef
  52:22  warning  'cell_itr' is not defined                  no-undef
  52:31  warning  'cell_width' is not defined                no-undef
  53:13  warning  'start_y' is not defined                   no-undef
  54:17  warning  'cell_width' is not defined                no-undef
  55:18  warning  'cell_height' is not defined               no-undef
  57:18  warning  'color' is not defined                     no-undef
  58:16  warning  'fillColor' is not defined                 no-undef
  59:24  warning  'stroke_width' is not defined              no-undef
  61:5   warning  'canvas1' is not defined                   no-undef
  61:25  warning  'cell' is not defined                      no-undef
  63:5   warning  'cellText' is not defined                  no-undef
  64:27  warning  'cell_itr' is not defined                  no-undef
  65:13  warning  'start_x' is not defined                   no-undef
  65:22  warning  'cell_itr' is not defined                  no-undef
  65:31  warning  'cell_width' is not defined                no-undef
  65:43  warning  'cell_width' is not defined                no-undef
  66:13  warning  'start_y' is not defined                   no-undef
  66:21  warning  'cell_height' is not defined               no-undef
  69:5   warning  'cellText' is not defined                  no-undef
  69:53  warning  'path_setting' is not defined              no-undef
  69:82  warning  'cell_itr' is not defined                  no-undef
  70:5   warning  'canvas1' is not defined                   no-undef
  70:25  warning  'cellText' is not defined                  no-undef
  73:3   warning  'state' is not defined                     no-undef
  77:17  warning  'cell_width' is not defined                no-undef
  78:18  warning  'cell_height' is not defined               no-undef
  80:18  warning  'color' is not defined                     no-undef
  82:24  warning  'stroke_width' is not defined              no-undef
  84:3   warning  'textElem' is not defined                  no-undef
  86:13  warning  'cell_width' is not defined                no-undef
  87:13  warning  'start_y' is not defined                   no-undef
  87:21  warning  'cell_height' is not defined               no-undef
  90:3   warning  'textElem' is not defined                  no-undef
  90:51  warning  'path_setting' is not defined              no-undef
  91:23  warning  'state' is not defined                     no-undef
  92:23  warning  'textElem' is not defined                  no-undef

/home/runner/work/exp-non-deterministic-turing-machine-iiith/exp-non-deterministic-turing-machine-iiith/experiment/simulation/js/main.js
    6:1   warning  'width' is not defined                        no-undef
    7:1   warning  'height' is not defined                       no-undef
    8:1   warning  'radius' is not defined                       no-undef
   10:1   warning  'ndtm' is not defined                         no-undef
   10:9   warning  'ndtm1' is not defined                        no-undef
   10:16  warning  'ndtm2' is not defined                        no-undef
   11:1   warning  'ndtmIndex' is not defined                    no-undef
   13:1   warning  'stateIndex' is not defined                   no-undef
   14:1   warning  'inputIndex' is not defined                   no-undef
   15:1   warning  'inputPointer' is not defined                 no-undef
   17:1   warning  'path_state' is not defined                   no-undef
   23:3   warning  'clearElem' is not defined                    no-undef
   23:13  warning  'canvas' is not defined                       no-undef
   24:3   warning  'clearElem' is not defined                    no-undef
   24:13  warning  'canvas2' is not defined                      no-undef
   26:3   warning  'curr' is not defined                         no-undef
   27:6   warning  'inputPointer' is not defined                 no-undef
   28:27  warning  'inputPointer' is not defined                 no-undef
   28:41  warning  'curr' is not defined                         no-undef
   30:5   warning  'curr' is not defined                         no-undef
   30:12  warning  'ndtm' is not defined                         no-undef
   30:17  warning  'ndtmIndex' is not defined                    no-undef
   30:37  warning  'inputIndex' is not defined                   no-undef
   30:59  warning  'inputPointer' is not defined                 no-undef
   31:26  warning  'inputPointer' is not defined                 no-undef
   31:40  warning  'curr' is not defined                         no-undef
   34:3   warning  'NDTMDescriptionContainer' is not defined     no-undef
   35:3   warning  'clearElem' is not defined                    no-undef
   35:13  warning  'NDTMDescriptionContainer' is not defined     no-undef
   36:3   warning  'textColor' is not defined                    no-undef
   37:3   warning  'span' is not defined                         no-undef
   37:10  warning  'newElement' is not defined                   no-undef
   37:67  warning  'textColor' is not defined                    no-undef
   38:3   warning  'text' is not defined                         no-undef
   38:34  warning  'ndtm' is not defined                         no-undef
   38:39  warning  'ndtmIndex' is not defined                    no-undef
   39:3   warning  'span' is not defined                         no-undef
   39:20  warning  'text' is not defined                         no-undef
   40:3   warning  'NDTMDescriptionContainer' is not defined     no-undef
   40:40  warning  'text' is not defined                         no-undef
   42:3   warning  'res' is not defined                          no-undef
   42:9   warning  'displayCanvas' is not defined                no-undef
   42:23  warning  'canvas' is not defined                       no-undef
   42:31  warning  'canvas2' is not defined                      no-undef
   42:40  warning  'ndtm' is not defined                         no-undef
   42:45  warning  'ndtmIndex' is not defined                    no-undef
   42:57  warning  'inputIndex' is not defined                   no-undef
   42:69  warning  'stateIndex' is not defined                   no-undef
   42:81  warning  'path_state' is not defined                   no-undef
   46:3   warning  'inputIndex' is not defined                   no-undef
   47:3   warning  'stateIndex' is not defined                   no-undef
   53:3   warning  'inputContainer' is not defined               no-undef
   54:3   warning  'clearElem' is not defined                    no-undef
   54:13  warning  'inputContainer' is not defined               no-undef
   55:17  warning  'ndtm' is not defined                         no-undef
   55:22  warning  'ndtmIndex' is not defined                    no-undef
   55:42  warning  'inputIndex' is not defined                   no-undef
   56:5   warning  'textColor' is not defined                    no-undef
   57:5   warning  'span' is not defined                         no-undef
   57:12  warning  'newElement' is not defined                   no-undef
   57:61  warning  'textColor' is not defined                    no-undef
   58:5   warning  'text' is not defined                         no-undef
   58:36  warning  'ndtm' is not defined                         no-undef
   58:41  warning  'ndtmIndex' is not defined                    no-undef
   58:61  warning  'inputIndex' is not defined                   no-undef
   59:5   warning  'span' is not defined                         no-undef
   59:22  warning  'text' is not defined                         no-undef
   60:5   warning  'inputContainer' is not defined               no-undef
   60:32  warning  'span' is not defined                         no-undef
   65:3   warning  'stack' is not defined                        no-undef
   66:3   warning  'clearElem' is not defined                    no-undef
   66:13  warning  'stack' is not defined                        no-undef
   70:3   warning  'stack' is not defined                        no-undef
   71:3   warning  'listElem' is not defined                     no-undef
   71:14  warning  'newElement' is not defined                   no-undef
   72:3   warning  'textNode' is not defined                     no-undef
   73:3   warning  'listElem' is not defined                     no-undef
   73:24  warning  'textNode' is not defined                     no-undef
   74:3   warning  'stack' is not defined                        no-undef
   74:21  warning  'listElem' is not defined                     no-undef
   79:3   warning  'stack' is not defined                        no-undef
   80:6   warning  'stack' is not defined                        no-undef
   81:5   warning  'stack' is not defined                        no-undef
   81:23  warning  'stack' is not defined                        no-undef
   86:3   warning  'transitionTable' is not defined              no-undef
   87:3   warning  'clearElem' is not defined                    no-undef
   87:13  warning  'transitionTable' is not defined              no-undef
   89:3   warning  'table' is not defined                        no-undef
   89:11  warning  'newElement' is not defined                   no-undef
   91:3   warning  'tr0' is not defined                          no-undef
   91:9   warning  'newElement' is not defined                   no-undef
   93:3   warning  'tr0th0' is not defined                       no-undef
   93:12  warning  'newElement' is not defined                   no-undef
   94:3   warning  'tr0th0' is not defined                       no-undef
   95:3   warning  'tr0' is not defined                          no-undef
   95:19  warning  'tr0th0' is not defined                       no-undef
   96:3   warning  'table' is not defined                        no-undef
   96:21  warning  'tr0' is not defined                          no-undef
   98:15  warning  'ndtm' is not defined                         no-undef
   98:20  warning  'ndtmIndex' is not defined                    no-undef
   99:2   warning  Mixed spaces and tabs                         no-mixed-spaces-and-tabs
   99:4   warning  'th' is not defined                           no-undef
   99:9   warning  'newElement' is not defined                   no-undef
  100:2   warning  Mixed spaces and tabs                         no-mixed-spaces-and-tabs
  100:4   warning  'th' is not defined                           no-undef
  101:2   warning  Mixed spaces and tabs                         no-mixed-spaces-and-tabs
  101:4   warning  'tr0' is not defined                          no-undef
  101:20  warning  'th' is not defined                           no-undef
  104:15  warning  'ndtm' is not defined                         no-undef
  104:20  warning  'ndtmIndex' is not defined                    no-undef
  105:2   warning  Mixed spaces and tabs                         no-mixed-spaces-and-tabs
  105:4   warning  'tr' is not defined                           no-undef
  105:9   warning  'newElement' is not defined                   no-undef
  107:2   warning  Mixed spaces and tabs                         no-mixed-spaces-and-tabs
  107:4   warning  'trtd0' is not defined                        no-undef
  107:12  warning  'newElement' is not defined                   no-undef
  108:2   warning  Mixed spaces and tabs                         no-mixed-spaces-and-tabs
  108:4   warning  'trtd0' is not defined                        no-undef
  109:2   warning  Mixed spaces and tabs                         no-mixed-spaces-and-tabs
  109:4   warning  'tr' is not defined                           no-undef
  109:19  warning  'trtd0' is not defined                        no-undef
  111:2   warning  Mixed spaces and tabs                         no-mixed-spaces-and-tabs
  111:16  warning  'ndtm' is not defined                         no-undef
  111:21  warning  'ndtmIndex' is not defined                    no-undef
  112:2   warning  Mixed spaces and tabs                         no-mixed-spaces-and-tabs
  112:6   warning  'trtd' is not defined                         no-undef
  112:13  warning  'newElement' is not defined                   no-undef
  113:2   warning  Mixed spaces and tabs                         no-mixed-spaces-and-tabs
  113:6   warning  'trtd' is not defined                         no-undef
  113:47  warning  'ndtm' is not defined                         no-undef
  113:52  warning  'ndtmIndex' is not defined                    no-undef
  114:2   warning  Mixed spaces and tabs                         no-mixed-spaces-and-tabs
  114:6   warning  'tr' is not defined                           no-undef
  114:21  warning  'trtd' is not defined                         no-undef
  115:2   warning  Mixed spaces and tabs                         no-mixed-spaces-and-tabs
  116:2   warning  Mixed spaces and tabs                         no-mixed-spaces-and-tabs
  116:4   warning  'table' is not defined                        no-undef
  116:22  warning  'tr' is not defined                           no-undef
  119:3   warning  'transitionTable' is not defined              no-undef
  119:31  warning  'table' is not defined                        no-undef
  122:42  warning  'e' is defined but never used                 no-unused-vars
  123:3   warning  'canvas' is not defined                       no-undef
  124:3   warning  'canvas2' is not defined                      no-undef
  132:3   warning  'changeNDTM' is not defined                   no-undef
  133:3   warning  'changeNDTM' is not defined                   no-undef
  133:49  warning  'e' is defined but never used                 no-unused-vars
  134:5   warning  'clearElem' is not defined                    no-undef
  134:15  warning  'canvas' is not defined                       no-undef
  135:5   warning  'ndtmIndex' is not defined                    no-undef
  135:17  warning  'ndtmIndex' is not defined                    no-undef
  136:8   warning  'ndtmIndex' is not defined                    no-undef
  136:21  warning  'ndtm' is not defined                         no-undef
  137:7   warning  'ndtmIndex' is not defined                    no-undef
  146:3   warning  'changeInput' is not defined                  no-undef
  147:3   warning  'changeInput' is not defined                  no-undef
  147:50  warning  'e' is defined but never used                 no-unused-vars
  148:5   warning  'inputIndex' is not defined                   no-undef
  148:18  warning  'inputIndex' is not defined                   no-undef
  149:8   warning  'inputIndex' is not defined                   no-undef
  149:22  warning  'ndtm' is not defined                         no-undef
  149:27  warning  'ndtmIndex' is not defined                    no-undef
  150:7   warning  'inputIndex' is not defined                   no-undef
  152:5   warning  'stateIndex' is not defined                   no-undef
  159:3   warning  'next' is not defined                         no-undef
  160:3   warning  'next' is not defined                         no-undef
  160:43  warning  'e' is defined but never used                 no-unused-vars
  161:5   warning  'curr_path' is not defined                    no-undef
  162:8   warning  'path_state' is not defined                   no-undef
  163:7   warning  'curr_path' is not defined                    no-undef
  165:8   warning  'stateIndex' is not defined                   no-undef
  165:22  warning  'ndtm' is not defined                         no-undef
  165:27  warning  'ndtmIndex' is not defined                    no-undef
  165:47  warning  'inputIndex' is not defined                   no-undef
  165:59  warning  'curr_path' is not defined                    no-undef
  166:7   warning  'stateIndex' is not defined                   no-undef
  170:7   warning  'prevState' is not defined                    no-undef
  170:19  warning  'ndtm' is not defined                         no-undef
  170:24  warning  'ndtmIndex' is not defined                    no-undef
  170:44  warning  'inputIndex' is not defined                   no-undef
  170:56  warning  'curr_path' is not defined                    no-undef
  170:67  warning  'stateIndex' is not defined                   no-undef
  171:7   warning  'currState' is not defined                    no-undef
  171:19  warning  'ndtm' is not defined                         no-undef
  171:24  warning  'ndtmIndex' is not defined                    no-undef
  171:44  warning  'inputIndex' is not defined                   no-undef
  171:56  warning  'curr_path' is not defined                    no-undef
  171:67  warning  'stateIndex' is not defined                   no-undef
  172:7   warning  'str' is not defined                          no-undef
  172:22  warning  'prevState' is not defined                    no-undef
  172:35  warning  'prevState' is not defined                    no-undef
  173:7   warning  'str' is not defined                          no-undef
  173:26  warning  'currState' is not defined                    no-undef
  173:39  warning  'prevState' is not defined                    no-undef
  174:10  warning  'prevState' is not defined                    no-undef
  174:25  warning  'currState' is not defined                    no-undef
  175:9   warning  'str' is not defined                          no-undef
  177:9   warning  'str' is not defined                          no-undef
  179:7   warning  'str' is not defined                          no-undef
  179:30  warning  'currState' is not defined                    no-undef
  180:18  warning  'str' is not defined                          no-undef
  183:7   warning  'currState' is not defined                    no-undef
  183:19  warning  'ndtm' is not defined                         no-undef
  183:24  warning  'ndtmIndex' is not defined                    no-undef
  183:44  warning  'inputIndex' is not defined                   no-undef
  183:56  warning  'curr_path' is not defined                    no-undef
  183:67  warning  'stateIndex' is not defined                   no-undef
  184:7   warning  'currCell' is not defined                     no-undef
  184:18  warning  'currState' is not defined                    no-undef
  184:28  warning  'ndtm' is not defined                         no-undef
  184:33  warning  'ndtmIndex' is not defined                    no-undef
  184:53  warning  'inputIndex' is not defined                   no-undef
  184:65  warning  'curr_path' is not defined                    no-undef
  184:76  warning  'stateIndex' is not defined                   no-undef
  185:10  warning  'stateIndex' is not defined                   no-undef
  185:24  warning  'ndtm' is not defined                         no-undef
  185:29  warning  'ndtmIndex' is not defined                    no-undef
  185:49  warning  'inputIndex' is not defined                   no-undef
  185:61  warning  'curr_path' is not defined                    no-undef
  186:12  warning  'currCell' is not defined                     no-undef
  187:11  warning  'swal' is not defined                         no-undef
  189:11  warning  'swal' is not defined                         no-undef
  196:3   warning  'prev' is not defined                         no-undef
  197:3   warning  'prev' is not defined                         no-undef
  197:43  warning  'e' is defined but never used                 no-unused-vars
  198:8   warning  'stateIndex' is not defined                   no-undef
  199:7   warning  'stateIndex' is not defined                   no-undef
  199:20  warning  'stateIndex' is not defined                   no-undef
  207:3   warning  'path_switch' is not defined                  no-undef
  208:3   warning  'path_switch' is not defined                  no-undef
  208:51  warning  'e' is defined but never used                 no-unused-vars
  209:8   warning  'path_state' is not defined                   no-undef
  210:7   warning  'path_state' is not defined                   no-undef
  212:7   warning  'path_state' is not defined                   no-undef
  214:5   warning  'stateIndex' is not defined                   no-undef
  220:3   warning  'controlContainerDisplay' is not defined      no-undef
  221:3   warning  'instructionContainerDisplay' is not defined  no-undef
  222:3   warning  'traceContainerDisplay' is not defined        no-undef
  224:3   warning  'controlsToggle' is not defined               no-undef
  225:3   warning  'controlsToggle' is not defined               no-undef
  225:53  warning  'e' is defined but never used                 no-unused-vars
  227:5   warning  'controlContainer' is not defined             no-undef
  229:8   warning  'controlContainerDisplay' is not defined      no-undef
  230:7   warning  'controlContainer' is not defined             no-undef
  231:7   warning  'controlContainer' is not defined             no-undef
  232:7   warning  'controlContainerDisplay' is not defined      no-undef
  234:7   warning  'controlContainer' is not defined             no-undef
  235:7   warning  'controlContainer' is not defined             no-undef
  236:7   warning  'controlContainerDisplay' is not defined      no-undef
  241:3   warning  'instructionToggle' is not defined            no-undef
  242:3   warning  'instructionToggle' is not defined            no-undef
  242:56  warning  'e' is defined but never used                 no-unused-vars
  244:5   warning  'instructionContainer' is not defined         no-undef
  246:8   warning  'instructionContainerDisplay' is not defined  no-undef
  247:7   warning  'instructionContainer' is not defined         no-undef
  248:7   warning  'instructionContainer' is not defined         no-undef
  249:7   warning  'instructionContainerDisplay' is not defined  no-undef
  251:7   warning  'instructionContainer' is not defined         no-undef
  252:7   warning  'instructionContainer' is not defined         no-undef
  253:7   warning  'instructionContainerDisplay' is not defined  no-undef
  258:3   warning  'traceToggle' is not defined                  no-undef
  259:3   warning  'traceToggle' is not defined                  no-undef
  259:50  warning  'e' is defined but never used                 no-unused-vars
  261:5   warning  'traceContainer' is not defined               no-undef
  263:8   warning  'traceContainerDisplay' is not defined        no-undef
  264:7   warning  'traceContainer' is not defined               no-undef
  265:7   warning  'traceContainer' is not defined               no-undef
  266:7   warning  'traceContainerDisplay' is not defined        no-undef
  268:7   warning  'traceContainer' is not defined               no-undef
  269:7   warning  'traceContainer' is not defined               no-undef
  270:7   warning  'traceContainerDisplay' is not defined        no-undef

✖ 338 problems (0 errors, 338 warnings)

